2019-06-04 16:29:22.381  INFO 21159 --- [restartedMain] com.bishe.Application                    : Starting Application on hanmosi.local with PID 21159 (/Users/chentay/microsoft-workspaces/bishe-api/out/production/classes started by chentay in /Users/chentay/microsoft-workspaces/bishe-api)
2019-06-04 16:29:22.412  INFO 21159 --- [restartedMain] com.bishe.Application                    : No active profile set, falling back to default profiles: default
2019-06-04 16:29:22.471  INFO 21159 --- [restartedMain] .e.DevToolsPropertyDefaultsPostProcessor : Devtools property defaults active! Set 'spring.devtools.add-properties' to 'false' to disable
2019-06-04 16:29:22.471  INFO 21159 --- [restartedMain] .e.DevToolsPropertyDefaultsPostProcessor : For additional web related logging consider setting the 'logging.level.web' property to 'DEBUG'
2019-06-04 16:29:23.810  INFO 21159 --- [restartedMain] .s.d.r.c.RepositoryConfigurationDelegate : Multiple Spring Data modules found, entering strict repository configuration mode!
2019-06-04 16:29:23.810  INFO 21159 --- [restartedMain] .s.d.r.c.RepositoryConfigurationDelegate : Bootstrapping Spring Data repositories in DEFAULT mode.
2019-06-04 16:29:23.908  INFO 21159 --- [restartedMain] .s.d.r.c.RepositoryConfigurationDelegate : Finished Spring Data repository scanning in 89ms. Found 2 repository interfaces.
2019-06-04 16:29:23.927  INFO 21159 --- [restartedMain] .s.d.r.c.RepositoryConfigurationDelegate : Multiple Spring Data modules found, entering strict repository configuration mode!
2019-06-04 16:29:23.928  INFO 21159 --- [restartedMain] .s.d.r.c.RepositoryConfigurationDelegate : Bootstrapping Spring Data repositories in DEFAULT mode.
2019-06-04 16:29:23.935  INFO 21159 --- [restartedMain] .RepositoryConfigurationExtensionSupport : Spring Data MongoDB - Could not safely identify store assignment for repository candidate interface com.bishe.aspect.repository.SysLogRepository.
2019-06-04 16:29:23.936  INFO 21159 --- [restartedMain] .RepositoryConfigurationExtensionSupport : Spring Data MongoDB - Could not safely identify store assignment for repository candidate interface com.bishe.user.repository.UserRepository.
2019-06-04 16:29:23.936  INFO 21159 --- [restartedMain] .s.d.r.c.RepositoryConfigurationDelegate : Finished Spring Data repository scanning in 8ms. Found 0 repository interfaces.
2019-06-04 16:29:23.947  INFO 21159 --- [restartedMain] .s.d.r.c.RepositoryConfigurationDelegate : Multiple Spring Data modules found, entering strict repository configuration mode!
2019-06-04 16:29:23.948  INFO 21159 --- [restartedMain] .s.d.r.c.RepositoryConfigurationDelegate : Bootstrapping Spring Data repositories in DEFAULT mode.
2019-06-04 16:29:23.962  INFO 21159 --- [restartedMain] .RepositoryConfigurationExtensionSupport : Spring Data Redis - Could not safely identify store assignment for repository candidate interface com.bishe.aspect.repository.SysLogRepository.
2019-06-04 16:29:23.962  INFO 21159 --- [restartedMain] .RepositoryConfigurationExtensionSupport : Spring Data Redis - Could not safely identify store assignment for repository candidate interface com.bishe.user.repository.UserRepository.
2019-06-04 16:29:23.963  INFO 21159 --- [restartedMain] .s.d.r.c.RepositoryConfigurationDelegate : Finished Spring Data repository scanning in 8ms. Found 0 repository interfaces.
2019-06-04 16:29:24.423  INFO 21159 --- [restartedMain] trationDelegate$BeanPostProcessorChecker : Bean 'org.springframework.transaction.annotation.ProxyTransactionManagementConfiguration' of type [org.springframework.transaction.annotation.ProxyTransactionManagementConfiguration$$EnhancerBySpringCGLIB$$c4c74e02] is not eligible for getting processed by all BeanPostProcessors (for example: not eligible for auto-proxying)
2019-06-04 16:29:25.026  INFO 21159 --- [restartedMain] o.s.b.w.embedded.tomcat.TomcatWebServer  : Tomcat initialized with port(s): 9090 (http)
2019-06-04 16:29:25.049  INFO 21159 --- [restartedMain] o.apache.catalina.core.StandardService   : Starting service [Tomcat]
2019-06-04 16:29:25.050  INFO 21159 --- [restartedMain] org.apache.catalina.core.StandardEngine  : Starting Servlet engine: [Apache Tomcat/9.0.19]
2019-06-04 16:29:25.140  INFO 21159 --- [restartedMain] o.a.c.c.C.[Tomcat].[localhost].[/]       : Initializing Spring embedded WebApplicationContext
2019-06-04 16:29:25.141  INFO 21159 --- [restartedMain] o.s.web.context.ContextLoader            : Root WebApplicationContext: initialization completed in 2669 ms
2019-06-04 16:29:25.389  INFO 21159 --- [restartedMain] o.hibernate.jpa.internal.util.LogHelper  : HHH000204: Processing PersistenceUnitInfo [
	name: default
	...]
2019-06-04 16:29:25.453  INFO 21159 --- [restartedMain] org.hibernate.Version                    : HHH000412: Hibernate Core {5.3.10.Final}
2019-06-04 16:29:25.455  INFO 21159 --- [restartedMain] org.hibernate.cfg.Environment            : HHH000206: hibernate.properties not found
2019-06-04 16:29:25.591  INFO 21159 --- [restartedMain] o.hibernate.annotations.common.Version   : HCANN000001: Hibernate Commons Annotations {5.0.4.Final}
2019-06-04 16:29:25.724  INFO 21159 --- [restartedMain] com.zaxxer.hikari.HikariDataSource       : HikariPool-1 - Starting...
2019-06-04 16:29:25.859  INFO 21159 --- [restartedMain] com.zaxxer.hikari.HikariDataSource       : HikariPool-1 - Start completed.
2019-06-04 16:29:25.869  INFO 21159 --- [restartedMain] org.hibernate.dialect.Dialect            : HHH000400: Using dialect: org.hibernate.dialect.MySQL5InnoDBDialect
2019-06-04 16:29:26.488  INFO 21159 --- [restartedMain] j.LocalContainerEntityManagerFactoryBean : Initialized JPA EntityManagerFactory for persistence unit 'default'
2019-06-04 16:29:26.566  INFO 21159 --- [restartedMain] o.s.b.d.a.OptionalLiveReloadServer       : LiveReload server is running on port 35729
2019-06-04 16:29:27.608  WARN 21159 --- [restartedMain] aWebConfiguration$JpaWebMvcConfiguration : spring.jpa.open-in-view is enabled by default. Therefore, database queries may be performed during view rendering. Explicitly configure spring.jpa.open-in-view to disable this warning
2019-06-04 16:29:28.064  INFO 21159 --- [restartedMain] org.mongodb.driver.cluster               : Cluster created with settings {hosts=[127.0.0.1:28618], mode=MULTIPLE, requiredClusterType=UNKNOWN, serverSelectionTimeout='30000 ms', maxWaitQueueSize=500}
2019-06-04 16:29:28.064  INFO 21159 --- [restartedMain] org.mongodb.driver.cluster               : Adding discovered server 127.0.0.1:28618 to client view of cluster
2019-06-04 16:29:28.116  INFO 21159 --- [cluster-ClusterId{value='5cf62be8686d1752a71784db', description='null'}-127.0.0.1:28618] org.mongodb.driver.connection            : Opened connection [connectionId{localValue:1, serverValue:20}] to 127.0.0.1:28618
2019-06-04 16:29:28.121  INFO 21159 --- [cluster-ClusterId{value='5cf62be8686d1752a71784db', description='null'}-127.0.0.1:28618] org.mongodb.driver.cluster               : Monitor thread successfully connected to server with description ServerDescription{address=127.0.0.1:28618, type=STANDALONE, state=CONNECTED, ok=true, version=ServerVersion{versionList=[4, 0, 9]}, minWireVersion=0, maxWireVersion=7, maxDocumentSize=16777216, logicalSessionTimeoutMinutes=30, roundTripTimeNanos=3683408}
2019-06-04 16:29:28.122  INFO 21159 --- [cluster-ClusterId{value='5cf62be8686d1752a71784db', description='null'}-127.0.0.1:28618] org.mongodb.driver.cluster               : Discovered cluster type of STANDALONE
2019-06-04 16:29:28.276  INFO 21159 --- [restartedMain] pertySourcedRequestMappingHandlerMapping : Mapped URL path [/v2/api-docs] onto method [public org.springframework.http.ResponseEntity<springfox.documentation.spring.web.json.Json> springfox.documentation.swagger2.web.Swagger2Controller.getDocumentation(java.lang.String,javax.servlet.http.HttpServletRequest)]
2019-06-04 16:29:28.585  INFO 21159 --- [restartedMain] o.s.s.concurrent.ThreadPoolTaskExecutor  : Initializing ExecutorService 'applicationTaskExecutor'
2019-06-04 16:29:31.454  INFO 21159 --- [restartedMain] d.s.w.p.DocumentationPluginsBootstrapper : Context refreshed
2019-06-04 16:29:31.520  INFO 21159 --- [restartedMain] d.s.w.p.DocumentationPluginsBootstrapper : Found 1 custom documentation plugin(s)
2019-06-04 16:29:31.627  INFO 21159 --- [restartedMain] s.d.s.w.s.ApiListingReferenceScanner     : Scanning for api listing references
2019-06-04 16:29:31.818  INFO 21159 --- [restartedMain] o.s.b.w.embedded.tomcat.TomcatWebServer  : Tomcat started on port(s): 9090 (http) with context path ''
2019-06-04 16:29:31.824  INFO 21159 --- [restartedMain] com.bishe.Application                    : Started Application in 9.977 seconds (JVM running for 11.174)
2019-06-04 16:29:38.906  INFO 21159 --- [http-nio-9090-exec-2] o.a.c.c.C.[Tomcat].[localhost].[/]       : Initializing Spring DispatcherServlet 'dispatcherServlet'
2019-06-04 16:29:38.906  INFO 21159 --- [http-nio-9090-exec-2] o.s.web.servlet.DispatcherServlet        : Initializing Servlet 'dispatcherServlet'
2019-06-04 16:29:38.921  INFO 21159 --- [http-nio-9090-exec-2] o.s.web.servlet.DispatcherServlet        : Completed initialization in 15 ms
2019-06-04 16:29:39.038  INFO 21159 --- [http-nio-9090-exec-2] com.bishe.aspect.WebLogAspect            : 方法的返回值:execution(ResponseEntity com.bishe.api.v1.UserController.register(SysUser))
2019-06-04 16:29:39.129  INFO 21159 --- [http-nio-9090-exec-2] o.h.h.i.QueryTranslatorFactoryInitiator  : HHH000397: Using ASTQueryTranslatorFactory
2019-06-04 16:29:39.319  INFO 21159 --- [http-nio-9090-exec-2] com.bishe.aspect.WebLogAspect            : 请求结果：{"headers":{},"statusCodeValue":200,"body":"{\"code\":200,\"data\":{\"createAt\":\"1559636979\",\"id\":1,\"mobileCode\":\"18588206541\",\"password\":\"kwI8PjPuWddMfDWy+yrgwg==\",\"updateAt\":\"1559636979\",\"userId\":\"1200310508\",\"username\":\"陈泰\"},\"message\":\"成功\"}","statusCode":"OK"}
2019-06-04 17:17:12.302  INFO 21159 --- [http-nio-9090-exec-4] com.bishe.aspect.WebLogAspect            : 方法的返回值:execution(ResponseEntity com.bishe.api.v1.UserController.register(SysUser))
2019-06-04 17:17:12.324  INFO 21159 --- [http-nio-9090-exec-4] com.bishe.aspect.WebLogAspect            : 请求结果：{"headers":{},"statusCodeValue":200,"body":"{\"code\":105,\"message\":\"用户已存在\"}","statusCode":"OK"}
